Build started 11/12/2015 3:39:22 PM.
     1>Project "F:\Documents\CMPM170\ViveRicochetProto\ViveRicochetProto.vcxproj" on node 2 (build target(s)).
     1>InitializeBuildStatus:
         Creating "Debug\ViveRicochetProto.unsuccessfulbuild" because "AlwaysCreate" was specified.
       ClCompile:
         f:\Program Files (x86)\Microsoft Visual Studio 10.0\VC\bin\CL.exe /c /I"SFML-2.3.1/include/" /ZI /nologo /W3 /WX- /Od /Oy- /D WIN32 /D _DEBUG /D _CONSOLE /D _UNICODE /D UNICODE /Gm /EHsc /RTC1 /MDd /GS /fp:precise /Zc:wchar_t /Zc:forScope /Yc"StdAfx.h" /Fp"Debug\ViveRicochetProto.pch" /Fo"Debug\\" /Fd"Debug\vc100.pdb" /Gd /TP /analyze- /errorReport:prompt stdafx.cpp
         stdafx.cpp
         f:\Program Files (x86)\Microsoft Visual Studio 10.0\VC\bin\CL.exe /c /I"SFML-2.3.1/include/" /ZI /nologo /W3 /WX- /Od /Oy- /D WIN32 /D _DEBUG /D _CONSOLE /D _UNICODE /D UNICODE /Gm /EHsc /RTC1 /MDd /GS /fp:precise /Zc:wchar_t /Zc:forScope /Yu"StdAfx.h" /Fp"Debug\ViveRicochetProto.pch" /Fo"Debug\\" /Fd"Debug\vc100.pdb" /Gd /TP /analyze- /errorReport:prompt GameObject.cpp MainLevel.cpp Player.cpp Block.cpp RoomManager.cpp main.cpp
         main.cpp
         RoomManager.cpp
         Block.cpp
     1>f:\documents\cmpm170\vivericochetproto\block.cpp(43): warning C4244: 'argument' : conversion from 'int' to 'float', possible loss of data
     1>f:\documents\cmpm170\vivericochetproto\block.cpp(43): warning C4244: 'argument' : conversion from 'int' to 'float', possible loss of data
     1>f:\documents\cmpm170\vivericochetproto\block.cpp(44): warning C4244: 'argument' : conversion from 'int' to 'float', possible loss of data
     1>f:\documents\cmpm170\vivericochetproto\block.cpp(44): warning C4244: 'argument' : conversion from 'int' to 'float', possible loss of data
     1>f:\documents\cmpm170\vivericochetproto\block.cpp(46): warning C4244: 'argument' : conversion from 'int' to 'float', possible loss of data
     1>f:\documents\cmpm170\vivericochetproto\block.cpp(47): warning C4244: 'argument' : conversion from 'int' to 'float', possible loss of data
         Player.cpp
     1>f:\documents\cmpm170\vivericochetproto\player.cpp(21): warning C4244: 'argument' : conversion from 'unsigned int' to 'float', possible loss of data
     1>f:\documents\cmpm170\vivericochetproto\player.cpp(21): warning C4244: 'argument' : conversion from 'unsigned int' to 'float', possible loss of data
     1>f:\documents\cmpm170\vivericochetproto\player.cpp(50): warning C4244: 'argument' : conversion from 'int' to 'float', possible loss of data
     1>f:\documents\cmpm170\vivericochetproto\player.cpp(54): warning C4244: 'argument' : conversion from 'int' to 'float', possible loss of data
     1>f:\documents\cmpm170\vivericochetproto\player.cpp(58): warning C4244: 'argument' : conversion from 'int' to 'float', possible loss of data
     1>f:\documents\cmpm170\vivericochetproto\player.cpp(58): warning C4244: 'argument' : conversion from 'int' to 'float', possible loss of data
         MainLevel.cpp
     1>f:\documents\cmpm170\vivericochetproto\mainlevel.cpp(43): warning C4244: '=' : conversion from 'float' to 'int', possible loss of data
         GameObject.cpp
         Generating Code...
       ManifestResourceCompile:
         C:\Program Files (x86)\Microsoft SDKs\Windows\v7.0A\bin\rc.exe /nologo /fo"Debug\ViveRicochetProto.exe.embed.manifest.res" Debug\ViveRicochetProto_manifest.rc 
       Link:
         f:\Program Files (x86)\Microsoft Visual Studio 10.0\VC\bin\link.exe /ERRORREPORT:PROMPT /OUT:"F:\Documents\CMPM170\ViveRicochetProto\Debug\ViveRicochetProto.exe" /INCREMENTAL /NOLOGO /LIBPATH:"SFML-2.3.1/lib/" kernel32.lib user32.lib gdi32.lib winspool.lib comdlg32.lib advapi32.lib shell32.lib ole32.lib oleaut32.lib uuid.lib odbc32.lib odbccp32.lib "sfml-system.lib" "sfml-main.lib" "sfml-graphics.lib" "sfml-audio.lib" "sfml-network.lib" "sfml-window.lib" kernel32.lib user32.lib gdi32.lib winspool.lib comdlg32.lib advapi32.lib shell32.lib ole32.lib oleaut32.lib uuid.lib odbc32.lib odbccp32.lib /MANIFEST /ManifestFile:"Debug\ViveRicochetProto.exe.intermediate.manifest" /MANIFESTUAC:"level='asInvoker' uiAccess='false'" /DEBUG /PDB:"F:\Documents\CMPM170\ViveRicochetProto\Debug\ViveRicochetProto.pdb" /SUBSYSTEM:CONSOLE /TLBID:1 /DYNAMICBASE /NXCOMPAT /IMPLIB:"F:\Documents\CMPM170\ViveRicochetProto\Debug\ViveRicochetProto.lib" /MACHINE:X86 Debug\ViveRicochetProto.exe.embed.manifest.res
         Debug\GameObject.obj
         Debug\MainLevel.obj
         Debug\Player.obj
         Debug\Block.obj
         Debug\RoomManager.obj
         Debug\stdafx.obj
         Debug\main.obj
       Manifest:
         C:\Program Files (x86)\Microsoft SDKs\Windows\v7.0A\bin\mt.exe /nologo /verbose /out:"Debug\ViveRicochetProto.exe.embed.manifest" /manifest Debug\ViveRicochetProto.exe.intermediate.manifest
         C:\Program Files (x86)\Microsoft SDKs\Windows\v7.0A\bin\rc.exe /nologo /fo"Debug\ViveRicochetProto.exe.embed.manifest.res" Debug\ViveRicochetProto_manifest.rc 
       LinkEmbedManifest:
         f:\Program Files (x86)\Microsoft Visual Studio 10.0\VC\bin\link.exe /ERRORREPORT:PROMPT /OUT:"F:\Documents\CMPM170\ViveRicochetProto\Debug\ViveRicochetProto.exe" /INCREMENTAL /NOLOGO /LIBPATH:"SFML-2.3.1/lib/" kernel32.lib user32.lib gdi32.lib winspool.lib comdlg32.lib advapi32.lib shell32.lib ole32.lib oleaut32.lib uuid.lib odbc32.lib odbccp32.lib "sfml-system.lib" "sfml-main.lib" "sfml-graphics.lib" "sfml-audio.lib" "sfml-network.lib" "sfml-window.lib" kernel32.lib user32.lib gdi32.lib winspool.lib comdlg32.lib advapi32.lib shell32.lib ole32.lib oleaut32.lib uuid.lib odbc32.lib odbccp32.lib /MANIFEST /ManifestFile:"Debug\ViveRicochetProto.exe.intermediate.manifest" /MANIFESTUAC:"level='asInvoker' uiAccess='false'" /DEBUG /PDB:"F:\Documents\CMPM170\ViveRicochetProto\Debug\ViveRicochetProto.pdb" /SUBSYSTEM:CONSOLE /TLBID:1 /DYNAMICBASE /NXCOMPAT /IMPLIB:"F:\Documents\CMPM170\ViveRicochetProto\Debug\ViveRicochetProto.lib" /MACHINE:X86 Debug\ViveRicochetProto.exe.embed.manifest.res
         Debug\GameObject.obj
         Debug\MainLevel.obj
         Debug\Player.obj
         Debug\Block.obj
         Debug\RoomManager.obj
         Debug\stdafx.obj
         Debug\main.obj
         ViveRicochetProto.vcxproj -> F:\Documents\CMPM170\ViveRicochetProto\Debug\ViveRicochetProto.exe
       FinalizeBuildStatus:
         Deleting file "Debug\ViveRicochetProto.unsuccessfulbuild".
         Touching "Debug\ViveRicochetProto.lastbuildstate".
     1>Done Building Project "F:\Documents\CMPM170\ViveRicochetProto\ViveRicochetProto.vcxproj" (build target(s)).

Build succeeded.

Time Elapsed 00:00:04.29
