Build started 12/6/2015 4:14:16 PM.
     1>Project "F:\Documents\CMPM170\ViveRicochetProto\ViveRicochetProto.vcxproj" on node 2 (build target(s)).
     1>InitializeBuildStatus:
         Creating "Release\ViveRicochetProto.unsuccessfulbuild" because "AlwaysCreate" was specified.
       ClCompile:
         All outputs are up-to-date.
         f:\Program Files (x86)\Microsoft Visual Studio 10.0\VC\bin\CL.exe /c /I"SFML-2.3.1/include/" /Zi /nologo /W3 /WX- /O2 /Oi /Oy- /GL /D WIN32 /D NDEBUG /D _CONSOLE /D _UNICODE /D UNICODE /Gm- /EHsc /MD /GS /Gy /fp:precise /Zc:wchar_t /Zc:forScope /Yu"StdAfx.h" /Fp"Release\ViveRicochetProto.pch" /Fo"Release\\" /Fd"Release\vc100.pdb" /Gd /TP /analyze- /errorReport:prompt Block.cpp
         Block.cpp
     1>Block.cpp(81): warning C4244: 'argument' : conversion from 'int' to 'float', possible loss of data
     1>Block.cpp(81): warning C4244: 'argument' : conversion from 'int' to 'float', possible loss of data
     1>Block.cpp(86): warning C4244: 'argument' : conversion from 'int' to 'float', possible loss of data
     1>Block.cpp(90): warning C4244: 'argument' : conversion from 'int' to 'float', possible loss of data
     1>Block.cpp(90): warning C4244: 'argument' : conversion from 'int' to 'float', possible loss of data
       Link:
         f:\Program Files (x86)\Microsoft Visual Studio 10.0\VC\bin\link.exe /ERRORREPORT:PROMPT /OUT:"F:\Documents\CMPM170\ViveRicochetProto\Release\ViveRicochetProto.exe" /INCREMENTAL:NO /NOLOGO /LIBPATH:"SFML-2.3.1/lib/" kernel32.lib user32.lib gdi32.lib winspool.lib comdlg32.lib advapi32.lib shell32.lib ole32.lib oleaut32.lib uuid.lib odbc32.lib odbccp32.lib "sfml-system.lib" "sfml-main.lib" "sfml-graphics.lib" "sfml-audio.lib" "sfml-network.lib" "sfml-window.lib" kernel32.lib user32.lib gdi32.lib winspool.lib comdlg32.lib advapi32.lib shell32.lib ole32.lib oleaut32.lib uuid.lib odbc32.lib odbccp32.lib /MANIFEST /ManifestFile:"Release\ViveRicochetProto.exe.intermediate.manifest" /MANIFESTUAC:"level='asInvoker' uiAccess='false'" /DEBUG /PDB:"F:\Documents\CMPM170\ViveRicochetProto\Release\ViveRicochetProto.pdb" /SUBSYSTEM:CONSOLE /OPT:REF /OPT:ICF /LTCG /TLBID:1 /DYNAMICBASE /NXCOMPAT /IMPLIB:"F:\Documents\CMPM170\ViveRicochetProto\Release\ViveRicochetProto.lib" /MACHINE:X86 Release\CollisionBox.obj
         Release\GameObject.obj
         Release\MainLevel.obj
         Release\Player.obj
         Release\Block.obj
         Release\RoomManager.obj
         Release\stdafx.obj
         Release\main.obj
         Generating code
         Finished generating code
         ViveRicochetProto.vcxproj -> F:\Documents\CMPM170\ViveRicochetProto\Release\ViveRicochetProto.exe
       Manifest:
         C:\Program Files (x86)\Microsoft SDKs\Windows\v7.0A\bin\mt.exe /nologo /verbose /outputresource:"F:\Documents\CMPM170\ViveRicochetProto\Release\ViveRicochetProto.exe;#1" /manifest Release\ViveRicochetProto.exe.intermediate.manifest
       FinalizeBuildStatus:
         Deleting file "Release\ViveRicochetProto.unsuccessfulbuild".
         Touching "Release\ViveRicochetProto.lastbuildstate".
     1>Done Building Project "F:\Documents\CMPM170\ViveRicochetProto\ViveRicochetProto.vcxproj" (build target(s)).

Build succeeded.

Time Elapsed 00:00:00.80
